c:\users\user\desktop\완성포폴\파랜드깃\x64\release\winapi.pch
c:\users\user\desktop\완성포폴\파랜드깃\x64\release\vc141.pdb
c:\users\user\desktop\완성포폴\파랜드깃\x64\release\stdafx.obj
c:\users\user\desktop\완성포폴\파랜드깃\x64\release\gameoverscene.obj
c:\users\user\desktop\완성포폴\파랜드깃\x64\release\gamenode.obj
c:\users\user\desktop\완성포폴\파랜드깃\x64\release\f_tilemaptool.obj
c:\users\user\desktop\완성포폴\파랜드깃\x64\release\f_skill.obj
c:\users\user\desktop\완성포폴\파랜드깃\x64\release\f_monster.obj
c:\users\user\desktop\완성포폴\파랜드깃\x64\release\f_mapdata.obj
c:\users\user\desktop\완성포폴\파랜드깃\x64\release\f_loadingscene.obj
c:\users\user\desktop\완성포폴\파랜드깃\x64\release\focusmanager.obj
c:\users\user\desktop\완성포폴\파랜드깃\x64\release\endingscene.obj
c:\users\user\desktop\완성포폴\파랜드깃\x64\release\endingmanager.obj
c:\users\user\desktop\완성포폴\파랜드깃\x64\release\database.obj
c:\users\user\desktop\완성포폴\파랜드깃\x64\release\d2dmanager.obj
c:\users\user\desktop\완성포폴\파랜드깃\x64\release\d2dimage.obj
c:\users\user\desktop\완성포폴\파랜드깃\x64\release\cunitstate.obj
c:\users\user\desktop\완성포폴\파랜드깃\x64\release\cunit.obj
c:\users\user\desktop\완성포폴\파랜드깃\x64\release\cmaptool.obj
c:\users\user\desktop\완성포폴\파랜드깃\x64\release\cmap.obj
c:\users\user\desktop\완성포폴\파랜드깃\x64\release\cheap.obj
c:\users\user\desktop\완성포폴\파랜드깃\x64\release\characterdata.obj
c:\users\user\desktop\완성포폴\파랜드깃\x64\release\character.obj
c:\users\user\desktop\완성포폴\파랜드깃\x64\release\winmain.obj
c:\users\user\desktop\완성포폴\파랜드깃\x64\release\uimanager.obj
c:\users\user\desktop\완성포폴\파랜드깃\x64\release\txtdata.obj
c:\users\user\desktop\완성포폴\파랜드깃\x64\release\timemanager.obj
c:\users\user\desktop\완성포폴\파랜드깃\x64\release\statemanager.obj
c:\users\user\desktop\완성포폴\파랜드깃\x64\release\statebar.obj
c:\users\user\desktop\완성포폴\파랜드깃\x64\release\stagescene.obj
c:\users\user\desktop\완성포폴\파랜드깃\x64\release\stagemap.obj
c:\users\user\desktop\완성포폴\파랜드깃\x64\release\soundmanager.obj
c:\users\user\desktop\완성포폴\파랜드깃\x64\release\scenemanager.obj
c:\users\user\desktop\완성포폴\파랜드깃\x64\release\progressbar.obj
c:\users\user\desktop\완성포폴\파랜드깃\x64\release\mainscene.obj
c:\users\user\desktop\완성포폴\파랜드깃\x64\release\maingame.obj
c:\users\user\desktop\완성포폴\파랜드깃\x64\release\loading.obj
c:\users\user\desktop\완성포폴\파랜드깃\x64\release\keymanager.obj
c:\users\user\desktop\완성포폴\파랜드깃\x64\release\inidata.obj
c:\users\user\desktop\완성포폴\파랜드깃\x64\release\imagemanager.obj
c:\users\user\desktop\완성포폴\파랜드깃\x64\release\image.obj
c:\users\user\desktop\완성포폴\파랜드깃\x64\release\gdiplusmanager.obj
c:\users\user\desktop\완성포폴\파랜드깃\x64\release\gdipimage.obj
c:\users\user\desktop\완성포폴\파랜드깃\x64\release\winapi.exe
c:\users\user\desktop\완성포폴\파랜드깃\x64\release\winapi.pdb
c:\users\user\desktop\완성포폴\파랜드깃\x64\release\winapi.ipdb
c:\users\user\desktop\완성포폴\파랜드깃\x64\release\winapi.iobj
c:\users\user\desktop\완성포폴\파랜드깃\x64\release\winapi.tlog\cl.command.1.tlog
c:\users\user\desktop\완성포폴\파랜드깃\x64\release\winapi.tlog\cl.read.1.tlog
c:\users\user\desktop\완성포폴\파랜드깃\x64\release\winapi.tlog\cl.write.1.tlog
c:\users\user\desktop\완성포폴\파랜드깃\x64\release\winapi.tlog\link.command.1.tlog
c:\users\user\desktop\완성포폴\파랜드깃\x64\release\winapi.tlog\link.read.1.tlog
c:\users\user\desktop\완성포폴\파랜드깃\x64\release\winapi.tlog\link.write.1.tlog
c:\users\user\desktop\완성포폴\파랜드깃\x64\release\winapi.tlog\winapi.write.1u.tlog
