c:\users\user\desktop\완성포폴\파랜드깃\x64\debug\winapi.pch
c:\users\user\desktop\완성포폴\파랜드깃\x64\debug\vc141.pdb
c:\users\user\desktop\완성포폴\파랜드깃\x64\debug\vc141.idb
c:\users\user\desktop\완성포폴\파랜드깃\x64\debug\stdafx.obj
c:\users\user\desktop\완성포폴\파랜드깃\x64\debug\gdipimage.obj
c:\users\user\desktop\완성포폴\파랜드깃\x64\debug\gdiplusmanager.obj
c:\users\user\desktop\완성포폴\파랜드깃\x64\debug\image.obj
c:\users\user\desktop\완성포폴\파랜드깃\x64\debug\imagemanager.obj
c:\users\user\desktop\완성포폴\파랜드깃\x64\debug\inidata.obj
c:\users\user\desktop\완성포폴\파랜드깃\x64\debug\keymanager.obj
c:\users\user\desktop\완성포폴\파랜드깃\x64\debug\loading.obj
c:\users\user\desktop\완성포폴\파랜드깃\x64\debug\maingame.obj
c:\users\user\desktop\완성포폴\파랜드깃\x64\debug\mainscene.obj
c:\users\user\desktop\완성포폴\파랜드깃\x64\debug\progressbar.obj
c:\users\user\desktop\완성포폴\파랜드깃\x64\debug\scenemanager.obj
c:\users\user\desktop\완성포폴\파랜드깃\x64\debug\soundmanager.obj
c:\users\user\desktop\완성포폴\파랜드깃\x64\debug\stagemap.obj
c:\users\user\desktop\완성포폴\파랜드깃\x64\debug\stagescene.obj
c:\users\user\desktop\완성포폴\파랜드깃\x64\debug\statebar.obj
c:\users\user\desktop\완성포폴\파랜드깃\x64\debug\statemanager.obj
c:\users\user\desktop\완성포폴\파랜드깃\x64\debug\timemanager.obj
c:\users\user\desktop\완성포폴\파랜드깃\x64\debug\txtdata.obj
c:\users\user\desktop\완성포폴\파랜드깃\x64\debug\uimanager.obj
c:\users\user\desktop\완성포폴\파랜드깃\x64\debug\winmain.obj
c:\users\user\desktop\완성포폴\파랜드깃\x64\debug\characterdata.obj
c:\users\user\desktop\완성포폴\파랜드깃\x64\debug\endingmanager.obj
c:\users\user\desktop\완성포폴\파랜드깃\x64\debug\endingscene.obj
c:\users\user\desktop\완성포폴\파랜드깃\x64\debug\f_mapdata.obj
c:\users\user\desktop\완성포폴\파랜드깃\x64\debug\f_skill.obj
c:\users\user\desktop\완성포폴\파랜드깃\x64\debug\f_tilemaptool.obj
c:\users\user\desktop\완성포폴\파랜드깃\x64\debug\f_loadingscene.obj
c:\users\user\desktop\완성포폴\파랜드깃\x64\debug\f_monster.obj
c:\users\user\desktop\완성포폴\파랜드깃\x64\debug\focusmanager.obj
c:\users\user\desktop\완성포폴\파랜드깃\x64\debug\cheap.obj
c:\users\user\desktop\완성포폴\파랜드깃\x64\debug\cmap.obj
c:\users\user\desktop\완성포폴\파랜드깃\x64\debug\cmaptool.obj
c:\users\user\desktop\완성포폴\파랜드깃\x64\debug\cunit.obj
c:\users\user\desktop\완성포폴\파랜드깃\x64\debug\cunitstate.obj
c:\users\user\desktop\완성포폴\파랜드깃\x64\debug\character.obj
c:\users\user\desktop\완성포폴\파랜드깃\x64\debug\d2dimage.obj
c:\users\user\desktop\완성포폴\파랜드깃\x64\debug\d2dmanager.obj
c:\users\user\desktop\완성포폴\파랜드깃\x64\debug\database.obj
c:\users\user\desktop\완성포폴\파랜드깃\x64\debug\gamenode.obj
c:\users\user\desktop\완성포폴\파랜드깃\x64\debug\gameoverscene.obj
c:\users\user\desktop\완성포폴\파랜드깃\x64\debug\winapi.exe
c:\users\user\desktop\완성포폴\파랜드깃\x64\debug\winapi.ilk
c:\users\user\desktop\완성포폴\파랜드깃\x64\debug\winapi.pdb
c:\users\user\desktop\완성포폴\파랜드깃\x64\debug\f_mapdata.obj.enc
c:\users\user\desktop\완성포폴\파랜드깃\x64\debug\winapi.tlog\cl.command.1.tlog
c:\users\user\desktop\완성포폴\파랜드깃\x64\debug\winapi.tlog\cl.read.1.tlog
c:\users\user\desktop\완성포폴\파랜드깃\x64\debug\winapi.tlog\cl.write.1.tlog
c:\users\user\desktop\완성포폴\파랜드깃\x64\debug\winapi.tlog\link.command.1.tlog
c:\users\user\desktop\완성포폴\파랜드깃\x64\debug\winapi.tlog\link.read.1.tlog
c:\users\user\desktop\완성포폴\파랜드깃\x64\debug\winapi.tlog\link.write.1.tlog
